08-Aug-2022 12:34:17.933 INFO [main] org.apache.catalina.startup.VersionLoggerListener.log Server version name:   Apache Tomcat/9.0.65
08-Aug-2022 12:34:17.938 INFO [main] org.apache.catalina.startup.VersionLoggerListener.log Server built:          Jul 14 2022 12:28:53 UTC
08-Aug-2022 12:34:17.938 INFO [main] org.apache.catalina.startup.VersionLoggerListener.log Server version number: 9.0.65.0
08-Aug-2022 12:34:17.939 INFO [main] org.apache.catalina.startup.VersionLoggerListener.log OS Name:               Windows 10
08-Aug-2022 12:34:17.939 INFO [main] org.apache.catalina.startup.VersionLoggerListener.log Версия ОС:             10.0
08-Aug-2022 12:34:17.939 INFO [main] org.apache.catalina.startup.VersionLoggerListener.log Архитектура:           amd64
08-Aug-2022 12:34:17.940 INFO [main] org.apache.catalina.startup.VersionLoggerListener.log Java Home:             C:\Users\strou\.jdks\openjdk-17.0.2
08-Aug-2022 12:34:17.940 INFO [main] org.apache.catalina.startup.VersionLoggerListener.log Версия JVM:            17.0.2+8-86
08-Aug-2022 12:34:17.941 INFO [main] org.apache.catalina.startup.VersionLoggerListener.log JVM Vendor:            Oracle Corporation
08-Aug-2022 12:34:17.941 INFO [main] org.apache.catalina.startup.VersionLoggerListener.log CATALINA_BASE:         C:\content\Java\SpringIntroduction\apache-tomcat-9.0.65
08-Aug-2022 12:34:17.942 INFO [main] org.apache.catalina.startup.VersionLoggerListener.log CATALINA_HOME:         C:\content\Java\SpringIntroduction\apache-tomcat-9.0.65
08-Aug-2022 12:34:17.958 INFO [main] org.apache.catalina.startup.VersionLoggerListener.log Command line argument: --add-opens=java.base/java.lang=ALL-UNNAMED
08-Aug-2022 12:34:17.959 INFO [main] org.apache.catalina.startup.VersionLoggerListener.log Command line argument: --add-opens=java.base/java.io=ALL-UNNAMED
08-Aug-2022 12:34:17.959 INFO [main] org.apache.catalina.startup.VersionLoggerListener.log Command line argument: --add-opens=java.base/java.util=ALL-UNNAMED
08-Aug-2022 12:34:17.959 INFO [main] org.apache.catalina.startup.VersionLoggerListener.log Command line argument: --add-opens=java.base/java.util.concurrent=ALL-UNNAMED
08-Aug-2022 12:34:17.960 INFO [main] org.apache.catalina.startup.VersionLoggerListener.log Command line argument: --add-opens=java.rmi/sun.rmi.transport=ALL-UNNAMED
08-Aug-2022 12:34:17.965 INFO [main] org.apache.catalina.startup.VersionLoggerListener.log Command line argument: -Djava.util.logging.config.file=C:\content\Java\SpringIntroduction\apache-tomcat-9.0.65\conf\logging.properties
08-Aug-2022 12:34:17.966 INFO [main] org.apache.catalina.startup.VersionLoggerListener.log Command line argument: -Djava.util.logging.manager=org.apache.juli.ClassLoaderLogManager
08-Aug-2022 12:34:17.967 INFO [main] org.apache.catalina.startup.VersionLoggerListener.log Command line argument: -Djdk.tls.ephemeralDHKeySize=2048
08-Aug-2022 12:34:17.968 INFO [main] org.apache.catalina.startup.VersionLoggerListener.log Command line argument: -Djava.protocol.handler.pkgs=org.apache.catalina.webresources
08-Aug-2022 12:34:17.968 INFO [main] org.apache.catalina.startup.VersionLoggerListener.log Command line argument: -Dignore.endorsed.dirs=
08-Aug-2022 12:34:17.968 INFO [main] org.apache.catalina.startup.VersionLoggerListener.log Command line argument: -Dcatalina.base=C:\content\Java\SpringIntroduction\apache-tomcat-9.0.65
08-Aug-2022 12:34:17.969 INFO [main] org.apache.catalina.startup.VersionLoggerListener.log Command line argument: -Dcatalina.home=C:\content\Java\SpringIntroduction\apache-tomcat-9.0.65
08-Aug-2022 12:34:17.969 INFO [main] org.apache.catalina.startup.VersionLoggerListener.log Command line argument: -Djava.io.tmpdir=C:\content\Java\SpringIntroduction\apache-tomcat-9.0.65\temp
08-Aug-2022 12:34:17.984 INFO [main] org.apache.catalina.core.AprLifecycleListener.lifecycleEvent The Apache Tomcat Native library which allows using OpenSSL was not found on the java.library.path: [C:\Users\strou\.jdks\openjdk-17.0.2\bin;C:\Windows\Sun\Java\bin;C:\Windows\system32;C:\Windows;C:\Program Files\Common Files\Oracle\Java\javapath;C:\Program Files (x86)\Razer\ChromaBroadcast\bin;C:\Program Files\Razer\ChromaBroadcast\bin;C:\Program Files (x86)\Common Files\Oracle\Java\javapath;C:\ProgramData\Oracle\Java\javapath;C:\Windows\system32;C:\Windows;C:\Windows\System32\Wbem;C:\Windows\System32\WindowsPowerShell\v1.0\;C:\Windows\System32\OpenSSH\;C:\Program Files\NVIDIA Corporation\NVIDIA NvDLISR;C:\Program Files (x86)\NVIDIA Corporation\PhysX\Common;C:\Program Files\dotnet\;C:\Program Files\Git\cmd;C:\Windows\system32\config\systemprofile\AppData\Local\Microsoft\WindowsApps;C:\Program Files\WireGuard\;C:\Users\strou\AppData\Local\Programs\Python\Python37\Scripts\;C:\Users\strou\AppData\Local\Programs\Python\Python37\;C:\Users\strou\AppData\Local\Programs\Python\Python310\Scripts\;C:\Users\strou\AppData\Local\Programs\Python\Python310\;C:\Users\strou\AppData\Local\Microsoft\WindowsApps;C:\content\IntelliJ IDEA 2021.3.2\bin;;C:\content\quartus\modelsim_ase\win32aloem;C:\content\quartus\modelsim_ae\win32aloem;C:\Users\strou\AppData\Local\GitHubDesktop\bin;C:\Users\strou\AppData\Local\Programs\Microsoft VS Code\bin;.]
08-Aug-2022 12:34:18.242 INFO [main] org.apache.coyote.AbstractProtocol.init Initializing ProtocolHandler ["http-nio-8080"]
08-Aug-2022 12:34:18.267 INFO [main] org.apache.catalina.startup.Catalina.load Server initialization in [573] milliseconds
08-Aug-2022 12:34:18.324 INFO [main] org.apache.catalina.core.StandardService.startInternal Starting service [Catalina]
08-Aug-2022 12:34:18.324 INFO [main] org.apache.catalina.core.StandardEngine.startInternal Starting Servlet engine: [Apache Tomcat/9.0.65]
08-Aug-2022 12:34:18.351 INFO [main] org.apache.catalina.startup.HostConfig.deployWAR Deploying web application archive [C:\content\Java\SpringIntroduction\apache-tomcat-9.0.65\webapps\SpringIntroduction.war]
08-Aug-2022 12:34:20.028 INFO [main] org.apache.jasper.servlet.TldScanner.scanJars At least one JAR was scanned for TLDs yet contained no TLDs. Enable debug logging for this logger for a complete list of JARs that were scanned but no TLDs were found in them. Skipping unneeded JARs during scanning can improve startup time and JSP compilation time.
08-Aug-2022 12:34:21.165 INFO [main] org.apache.catalina.startup.HostConfig.deployWAR Deployment of web application archive [C:\content\Java\SpringIntroduction\apache-tomcat-9.0.65\webapps\SpringIntroduction.war] has finished in [2 811] ms
08-Aug-2022 12:34:21.165 INFO [main] org.apache.catalina.startup.HostConfig.deployDirectory Установка веб приложения в папку [C:\content\Java\SpringIntroduction\apache-tomcat-9.0.65\webapps\docs]
08-Aug-2022 12:34:21.197 INFO [main] org.apache.catalina.startup.HostConfig.deployDirectory Deployment of web application directory [C:\content\Java\SpringIntroduction\apache-tomcat-9.0.65\webapps\docs] has finished in [32] ms
08-Aug-2022 12:34:21.197 INFO [main] org.apache.catalina.startup.HostConfig.deployDirectory Установка веб приложения в папку [C:\content\Java\SpringIntroduction\apache-tomcat-9.0.65\webapps\examples]
08-Aug-2022 12:34:22.330 INFO [main] org.apache.catalina.startup.HostConfig.deployDirectory Deployment of web application directory [C:\content\Java\SpringIntroduction\apache-tomcat-9.0.65\webapps\examples] has finished in [1 132] ms
08-Aug-2022 12:34:22.330 INFO [main] org.apache.catalina.startup.HostConfig.deployDirectory Установка веб приложения в папку [C:\content\Java\SpringIntroduction\apache-tomcat-9.0.65\webapps\host-manager]
08-Aug-2022 12:34:22.381 INFO [main] org.apache.catalina.startup.HostConfig.deployDirectory Deployment of web application directory [C:\content\Java\SpringIntroduction\apache-tomcat-9.0.65\webapps\host-manager] has finished in [51] ms
08-Aug-2022 12:34:22.382 INFO [main] org.apache.catalina.startup.HostConfig.deployDirectory Установка веб приложения в папку [C:\content\Java\SpringIntroduction\apache-tomcat-9.0.65\webapps\manager]
08-Aug-2022 12:34:22.430 INFO [main] org.apache.catalina.startup.HostConfig.deployDirectory Deployment of web application directory [C:\content\Java\SpringIntroduction\apache-tomcat-9.0.65\webapps\manager] has finished in [48] ms
08-Aug-2022 12:34:22.430 INFO [main] org.apache.catalina.startup.HostConfig.deployDirectory Установка веб приложения в папку [C:\content\Java\SpringIntroduction\apache-tomcat-9.0.65\webapps\ROOT]
08-Aug-2022 12:34:22.457 INFO [main] org.apache.catalina.startup.HostConfig.deployDirectory Deployment of web application directory [C:\content\Java\SpringIntroduction\apache-tomcat-9.0.65\webapps\ROOT] has finished in [27] ms
08-Aug-2022 12:34:22.460 INFO [main] org.apache.coyote.AbstractProtocol.start Starting ProtocolHandler ["http-nio-8080"]
08-Aug-2022 12:34:22.494 INFO [main] org.apache.catalina.startup.Catalina.start Server startup in [4226] milliseconds
08-Aug-2022 12:40:43.361 INFO [Catalina-utility-1] org.apache.catalina.startup.HostConfig.undeploy Undeploying context [/SpringIntroduction]
08-Aug-2022 12:40:43.381 INFO [Catalina-utility-1] org.apache.catalina.startup.HostConfig.deployWAR Deploying web application archive [C:\content\Java\SpringIntroduction\apache-tomcat-9.0.65\webapps\SpringIntroduction.war]
08-Aug-2022 12:40:44.456 INFO [Catalina-utility-1] org.apache.jasper.servlet.TldScanner.scanJars At least one JAR was scanned for TLDs yet contained no TLDs. Enable debug logging for this logger for a complete list of JARs that were scanned but no TLDs were found in them. Skipping unneeded JARs during scanning can improve startup time and JSP compilation time.
08-Aug-2022 12:40:45.299 INFO [Catalina-utility-1] org.apache.catalina.startup.HostConfig.deployWAR Deployment of web application archive [C:\content\Java\SpringIntroduction\apache-tomcat-9.0.65\webapps\SpringIntroduction.war] has finished in [1 917] ms
08-Aug-2022 12:48:26.317 INFO [Catalina-utility-1] org.apache.catalina.startup.HostConfig.undeploy Undeploying context [/SpringIntroduction]
08-Aug-2022 12:48:36.346 INFO [Catalina-utility-1] org.apache.catalina.startup.HostConfig.deployWAR Deploying web application archive [C:\content\Java\SpringIntroduction\apache-tomcat-9.0.65\webapps\SpringIntroduction.war]
08-Aug-2022 12:48:37.403 INFO [Catalina-utility-1] org.apache.jasper.servlet.TldScanner.scanJars At least one JAR was scanned for TLDs yet contained no TLDs. Enable debug logging for this logger for a complete list of JARs that were scanned but no TLDs were found in them. Skipping unneeded JARs during scanning can improve startup time and JSP compilation time.
08-Aug-2022 12:48:38.237 INFO [Catalina-utility-1] org.apache.catalina.startup.HostConfig.deployWAR Deployment of web application archive [C:\content\Java\SpringIntroduction\apache-tomcat-9.0.65\webapps\SpringIntroduction.war] has finished in [1 891] ms
08-Aug-2022 12:51:48.972 INFO [Catalina-utility-1] org.apache.catalina.startup.HostConfig.undeploy Undeploying context [/SpringIntroduction]
08-Aug-2022 12:51:59.003 INFO [Catalina-utility-2] org.apache.catalina.startup.HostConfig.deployWAR Deploying web application archive [C:\content\Java\SpringIntroduction\apache-tomcat-9.0.65\webapps\SpringIntroduction.war]
08-Aug-2022 12:52:00.068 INFO [Catalina-utility-2] org.apache.jasper.servlet.TldScanner.scanJars At least one JAR was scanned for TLDs yet contained no TLDs. Enable debug logging for this logger for a complete list of JARs that were scanned but no TLDs were found in them. Skipping unneeded JARs during scanning can improve startup time and JSP compilation time.
08-Aug-2022 12:52:00.880 INFO [Catalina-utility-2] org.apache.catalina.startup.HostConfig.deployWAR Deployment of web application archive [C:\content\Java\SpringIntroduction\apache-tomcat-9.0.65\webapps\SpringIntroduction.war] has finished in [1 877] ms
08-Aug-2022 13:01:21.966 INFO [Catalina-utility-1] org.apache.catalina.startup.HostConfig.undeploy Undeploying context [/SpringIntroduction]
08-Aug-2022 13:01:21.984 INFO [Catalina-utility-1] org.apache.catalina.startup.HostConfig.deployWAR Deploying web application archive [C:\content\Java\SpringIntroduction\apache-tomcat-9.0.65\webapps\SpringIntroduction.war]
08-Aug-2022 13:01:23.105 INFO [Catalina-utility-1] org.apache.jasper.servlet.TldScanner.scanJars At least one JAR was scanned for TLDs yet contained no TLDs. Enable debug logging for this logger for a complete list of JARs that were scanned but no TLDs were found in them. Skipping unneeded JARs during scanning can improve startup time and JSP compilation time.
08-Aug-2022 13:01:24.000 INFO [Catalina-utility-1] org.apache.catalina.startup.HostConfig.deployWAR Deployment of web application archive [C:\content\Java\SpringIntroduction\apache-tomcat-9.0.65\webapps\SpringIntroduction.war] has finished in [2 015] ms
08-Aug-2022 13:18:25.171 INFO [Catalina-utility-1] org.apache.catalina.startup.HostConfig.undeploy Undeploying context [/SpringIntroduction]
08-Aug-2022 13:18:25.184 INFO [Catalina-utility-1] org.apache.catalina.startup.HostConfig.deployWAR Deploying web application archive [C:\content\Java\SpringIntroduction\apache-tomcat-9.0.65\webapps\SpringIntroduction.war]
08-Aug-2022 13:18:26.266 INFO [Catalina-utility-1] org.apache.jasper.servlet.TldScanner.scanJars At least one JAR was scanned for TLDs yet contained no TLDs. Enable debug logging for this logger for a complete list of JARs that were scanned but no TLDs were found in them. Skipping unneeded JARs during scanning can improve startup time and JSP compilation time.
08-Aug-2022 13:18:27.119 INFO [Catalina-utility-1] org.apache.catalina.startup.HostConfig.deployWAR Deployment of web application archive [C:\content\Java\SpringIntroduction\apache-tomcat-9.0.65\webapps\SpringIntroduction.war] has finished in [1 935] ms
08-Aug-2022 13:19:27.686 INFO [Catalina-utility-2] org.apache.catalina.startup.HostConfig.undeploy Undeploying context [/SpringIntroduction]
08-Aug-2022 13:19:37.705 INFO [Catalina-utility-2] org.apache.catalina.startup.HostConfig.deployWAR Deploying web application archive [C:\content\Java\SpringIntroduction\apache-tomcat-9.0.65\webapps\SpringIntroduction.war]
08-Aug-2022 13:19:38.730 INFO [Catalina-utility-2] org.apache.jasper.servlet.TldScanner.scanJars At least one JAR was scanned for TLDs yet contained no TLDs. Enable debug logging for this logger for a complete list of JARs that were scanned but no TLDs were found in them. Skipping unneeded JARs during scanning can improve startup time and JSP compilation time.
08-Aug-2022 13:19:39.540 INFO [Catalina-utility-2] org.apache.catalina.startup.HostConfig.deployWAR Deployment of web application archive [C:\content\Java\SpringIntroduction\apache-tomcat-9.0.65\webapps\SpringIntroduction.war] has finished in [1 835] ms
08-Aug-2022 13:20:40.090 INFO [Catalina-utility-2] org.apache.catalina.startup.HostConfig.undeploy Undeploying context [/SpringIntroduction]
08-Aug-2022 13:20:50.113 INFO [Catalina-utility-1] org.apache.catalina.startup.HostConfig.deployWAR Deploying web application archive [C:\content\Java\SpringIntroduction\apache-tomcat-9.0.65\webapps\SpringIntroduction.war]
08-Aug-2022 13:20:51.241 INFO [Catalina-utility-1] org.apache.jasper.servlet.TldScanner.scanJars At least one JAR was scanned for TLDs yet contained no TLDs. Enable debug logging for this logger for a complete list of JARs that were scanned but no TLDs were found in them. Skipping unneeded JARs during scanning can improve startup time and JSP compilation time.
08-Aug-2022 13:20:52.042 INFO [Catalina-utility-1] org.apache.catalina.startup.HostConfig.deployWAR Deployment of web application archive [C:\content\Java\SpringIntroduction\apache-tomcat-9.0.65\webapps\SpringIntroduction.war] has finished in [1 929] ms
08-Aug-2022 13:31:22.699 INFO [Catalina-utility-1] org.apache.catalina.startup.HostConfig.undeploy Undeploying context [/SpringIntroduction]
08-Aug-2022 13:31:22.712 INFO [Catalina-utility-1] org.apache.catalina.startup.HostConfig.deployWAR Deploying web application archive [C:\content\Java\SpringIntroduction\apache-tomcat-9.0.65\webapps\SpringIntroduction.war]
08-Aug-2022 13:31:23.751 INFO [Catalina-utility-1] org.apache.jasper.servlet.TldScanner.scanJars At least one JAR was scanned for TLDs yet contained no TLDs. Enable debug logging for this logger for a complete list of JARs that were scanned but no TLDs were found in them. Skipping unneeded JARs during scanning can improve startup time and JSP compilation time.
08-Aug-2022 13:31:24.553 INFO [Catalina-utility-1] org.apache.catalina.startup.HostConfig.deployWAR Deployment of web application archive [C:\content\Java\SpringIntroduction\apache-tomcat-9.0.65\webapps\SpringIntroduction.war] has finished in [1 841] ms
08-Aug-2022 13:48:35.651 INFO [Catalina-utility-1] org.apache.catalina.startup.HostConfig.deployWAR Deploying web application archive [C:\content\Java\SpringIntroduction\apache-tomcat-9.0.65\webapps\Spring.war]
08-Aug-2022 13:48:36.699 INFO [Catalina-utility-1] org.apache.jasper.servlet.TldScanner.scanJars At least one JAR was scanned for TLDs yet contained no TLDs. Enable debug logging for this logger for a complete list of JARs that were scanned but no TLDs were found in them. Skipping unneeded JARs during scanning can improve startup time and JSP compilation time.
08-Aug-2022 13:48:37.503 INFO [Catalina-utility-1] org.apache.catalina.startup.HostConfig.deployWAR Deployment of web application archive [C:\content\Java\SpringIntroduction\apache-tomcat-9.0.65\webapps\Spring.war] has finished in [1 851] ms
08-Aug-2022 13:49:28.061 INFO [Catalina-utility-1] org.apache.catalina.startup.HostConfig.undeploy Undeploying context [/Spring]
08-Aug-2022 13:49:38.097 INFO [Catalina-utility-1] org.apache.catalina.startup.HostConfig.deployWAR Deploying web application archive [C:\content\Java\SpringIntroduction\apache-tomcat-9.0.65\webapps\Spring.war]
08-Aug-2022 13:49:39.083 INFO [Catalina-utility-1] org.apache.jasper.servlet.TldScanner.scanJars At least one JAR was scanned for TLDs yet contained no TLDs. Enable debug logging for this logger for a complete list of JARs that were scanned but no TLDs were found in them. Skipping unneeded JARs during scanning can improve startup time and JSP compilation time.
08-Aug-2022 13:49:39.856 INFO [Catalina-utility-1] org.apache.catalina.startup.HostConfig.deployWAR Deployment of web application archive [C:\content\Java\SpringIntroduction\apache-tomcat-9.0.65\webapps\Spring.war] has finished in [1 759] ms
08-Aug-2022 13:59:10.999 INFO [Catalina-utility-1] org.apache.catalina.startup.HostConfig.undeploy Undeploying context [/SpringIntroduction]
08-Aug-2022 13:59:21.035 INFO [Catalina-utility-2] org.apache.catalina.startup.HostConfig.deployWAR Deploying web application archive [C:\content\Java\SpringIntroduction\apache-tomcat-9.0.65\webapps\SpringIntroduction.war]
08-Aug-2022 13:59:22.111 INFO [Catalina-utility-2] org.apache.jasper.servlet.TldScanner.scanJars At least one JAR was scanned for TLDs yet contained no TLDs. Enable debug logging for this logger for a complete list of JARs that were scanned but no TLDs were found in them. Skipping unneeded JARs during scanning can improve startup time and JSP compilation time.
08-Aug-2022 13:59:22.903 INFO [Catalina-utility-2] org.apache.catalina.startup.HostConfig.deployWAR Deployment of web application archive [C:\content\Java\SpringIntroduction\apache-tomcat-9.0.65\webapps\SpringIntroduction.war] has finished in [1 868] ms
08-Aug-2022 14:03:13.143 INFO [Catalina-utility-1] org.apache.catalina.startup.HostConfig.undeploy Undeploying context [/SpringIntroduction]
08-Aug-2022 14:03:13.170 INFO [Catalina-utility-1] org.apache.catalina.startup.HostConfig.deployWAR Deploying web application archive [C:\content\Java\SpringIntroduction\apache-tomcat-9.0.65\webapps\SpringIntroduction.war]
08-Aug-2022 14:03:14.245 INFO [Catalina-utility-1] org.apache.jasper.servlet.TldScanner.scanJars At least one JAR was scanned for TLDs yet contained no TLDs. Enable debug logging for this logger for a complete list of JARs that were scanned but no TLDs were found in them. Skipping unneeded JARs during scanning can improve startup time and JSP compilation time.
08-Aug-2022 14:03:15.040 INFO [Catalina-utility-1] org.apache.catalina.startup.HostConfig.deployWAR Deployment of web application archive [C:\content\Java\SpringIntroduction\apache-tomcat-9.0.65\webapps\SpringIntroduction.war] has finished in [1 870] ms
08-Aug-2022 15:04:38.954 INFO [main] org.apache.catalina.startup.VersionLoggerListener.log Server version name:   Apache Tomcat/9.0.65
08-Aug-2022 15:04:38.958 INFO [main] org.apache.catalina.startup.VersionLoggerListener.log Server built:          Jul 14 2022 12:28:53 UTC
08-Aug-2022 15:04:38.959 INFO [main] org.apache.catalina.startup.VersionLoggerListener.log Server version number: 9.0.65.0
08-Aug-2022 15:04:38.959 INFO [main] org.apache.catalina.startup.VersionLoggerListener.log OS Name:               Windows 10
08-Aug-2022 15:04:38.959 INFO [main] org.apache.catalina.startup.VersionLoggerListener.log Версия ОС:             10.0
08-Aug-2022 15:04:38.960 INFO [main] org.apache.catalina.startup.VersionLoggerListener.log Архитектура:           amd64
08-Aug-2022 15:04:38.960 INFO [main] org.apache.catalina.startup.VersionLoggerListener.log Java Home:             C:\Users\strou\.jdks\openjdk-17.0.2
08-Aug-2022 15:04:38.960 INFO [main] org.apache.catalina.startup.VersionLoggerListener.log Версия JVM:            17.0.2+8-86
08-Aug-2022 15:04:38.960 INFO [main] org.apache.catalina.startup.VersionLoggerListener.log JVM Vendor:            Oracle Corporation
08-Aug-2022 15:04:38.961 INFO [main] org.apache.catalina.startup.VersionLoggerListener.log CATALINA_BASE:         C:\content\Java\SpringIntroduction\apache-tomcat-9.0.65
08-Aug-2022 15:04:38.961 INFO [main] org.apache.catalina.startup.VersionLoggerListener.log CATALINA_HOME:         C:\content\Java\SpringIntroduction\apache-tomcat-9.0.65
08-Aug-2022 15:04:38.971 INFO [main] org.apache.catalina.startup.VersionLoggerListener.log Command line argument: --add-opens=java.base/java.lang=ALL-UNNAMED
08-Aug-2022 15:04:38.972 INFO [main] org.apache.catalina.startup.VersionLoggerListener.log Command line argument: --add-opens=java.base/java.io=ALL-UNNAMED
08-Aug-2022 15:04:38.972 INFO [main] org.apache.catalina.startup.VersionLoggerListener.log Command line argument: --add-opens=java.base/java.util=ALL-UNNAMED
08-Aug-2022 15:04:38.972 INFO [main] org.apache.catalina.startup.VersionLoggerListener.log Command line argument: --add-opens=java.base/java.util.concurrent=ALL-UNNAMED
08-Aug-2022 15:04:38.973 INFO [main] org.apache.catalina.startup.VersionLoggerListener.log Command line argument: --add-opens=java.rmi/sun.rmi.transport=ALL-UNNAMED
08-Aug-2022 15:04:38.973 INFO [main] org.apache.catalina.startup.VersionLoggerListener.log Command line argument: -Djava.util.logging.config.file=C:\content\Java\SpringIntroduction\apache-tomcat-9.0.65\conf\logging.properties
08-Aug-2022 15:04:38.974 INFO [main] org.apache.catalina.startup.VersionLoggerListener.log Command line argument: -Djava.util.logging.manager=org.apache.juli.ClassLoaderLogManager
08-Aug-2022 15:04:38.974 INFO [main] org.apache.catalina.startup.VersionLoggerListener.log Command line argument: -Djdk.tls.ephemeralDHKeySize=2048
08-Aug-2022 15:04:38.975 INFO [main] org.apache.catalina.startup.VersionLoggerListener.log Command line argument: -Djava.protocol.handler.pkgs=org.apache.catalina.webresources
08-Aug-2022 15:04:38.975 INFO [main] org.apache.catalina.startup.VersionLoggerListener.log Command line argument: -Dignore.endorsed.dirs=
08-Aug-2022 15:04:38.976 INFO [main] org.apache.catalina.startup.VersionLoggerListener.log Command line argument: -Dcatalina.base=C:\content\Java\SpringIntroduction\apache-tomcat-9.0.65
08-Aug-2022 15:04:38.976 INFO [main] org.apache.catalina.startup.VersionLoggerListener.log Command line argument: -Dcatalina.home=C:\content\Java\SpringIntroduction\apache-tomcat-9.0.65
08-Aug-2022 15:04:38.977 INFO [main] org.apache.catalina.startup.VersionLoggerListener.log Command line argument: -Djava.io.tmpdir=C:\content\Java\SpringIntroduction\apache-tomcat-9.0.65\temp
08-Aug-2022 15:04:38.988 INFO [main] org.apache.catalina.core.AprLifecycleListener.lifecycleEvent The Apache Tomcat Native library which allows using OpenSSL was not found on the java.library.path: [C:\Users\strou\.jdks\openjdk-17.0.2\bin;C:\Windows\Sun\Java\bin;C:\Windows\system32;C:\Windows;C:\Program Files\Common Files\Oracle\Java\javapath;C:\Program Files (x86)\Razer\ChromaBroadcast\bin;C:\Program Files\Razer\ChromaBroadcast\bin;C:\Program Files (x86)\Common Files\Oracle\Java\javapath;C:\ProgramData\Oracle\Java\javapath;C:\Windows\system32;C:\Windows;C:\Windows\System32\Wbem;C:\Windows\System32\WindowsPowerShell\v1.0\;C:\Windows\System32\OpenSSH\;C:\Program Files\NVIDIA Corporation\NVIDIA NvDLISR;C:\Program Files (x86)\NVIDIA Corporation\PhysX\Common;C:\Program Files\dotnet\;C:\Program Files\Git\cmd;C:\Windows\system32\config\systemprofile\AppData\Local\Microsoft\WindowsApps;C:\Program Files\WireGuard\;C:\Users\strou\AppData\Local\Programs\Python\Python37\Scripts\;C:\Users\strou\AppData\Local\Programs\Python\Python37\;C:\Users\strou\AppData\Local\Programs\Python\Python310\Scripts\;C:\Users\strou\AppData\Local\Programs\Python\Python310\;C:\Users\strou\AppData\Local\Microsoft\WindowsApps;C:\content\IntelliJ IDEA 2021.3.2\bin;;C:\content\quartus\modelsim_ase\win32aloem;C:\content\quartus\modelsim_ae\win32aloem;C:\Users\strou\AppData\Local\GitHubDesktop\bin;C:\Users\strou\AppData\Local\Programs\Microsoft VS Code\bin;.]
08-Aug-2022 15:04:39.288 INFO [main] org.apache.coyote.AbstractProtocol.init Initializing ProtocolHandler ["http-nio-8080"]
08-Aug-2022 15:04:39.314 INFO [main] org.apache.catalina.startup.Catalina.load Server initialization in [550] milliseconds
08-Aug-2022 15:04:39.355 INFO [main] org.apache.catalina.core.StandardService.startInternal Starting service [Catalina]
08-Aug-2022 15:04:39.356 INFO [main] org.apache.catalina.core.StandardEngine.startInternal Starting Servlet engine: [Apache Tomcat/9.0.65]
08-Aug-2022 15:04:39.371 INFO [main] org.apache.catalina.startup.HostConfig.deployWAR Deploying web application archive [C:\content\Java\SpringIntroduction\apache-tomcat-9.0.65\webapps\Spring.war]
08-Aug-2022 15:04:40.428 INFO [main] org.apache.jasper.servlet.TldScanner.scanJars At least one JAR was scanned for TLDs yet contained no TLDs. Enable debug logging for this logger for a complete list of JARs that were scanned but no TLDs were found in them. Skipping unneeded JARs during scanning can improve startup time and JSP compilation time.
08-Aug-2022 15:04:41.442 INFO [main] org.apache.catalina.startup.HostConfig.deployWAR Deployment of web application archive [C:\content\Java\SpringIntroduction\apache-tomcat-9.0.65\webapps\Spring.war] has finished in [2 070] ms
08-Aug-2022 15:04:41.450 INFO [main] org.apache.catalina.startup.HostConfig.deployWAR Deploying web application archive [C:\content\Java\SpringIntroduction\apache-tomcat-9.0.65\webapps\SpringIntroduction.war]
08-Aug-2022 15:04:42.569 INFO [main] org.apache.jasper.servlet.TldScanner.scanJars At least one JAR was scanned for TLDs yet contained no TLDs. Enable debug logging for this logger for a complete list of JARs that were scanned but no TLDs were found in them. Skipping unneeded JARs during scanning can improve startup time and JSP compilation time.
08-Aug-2022 15:04:43.467 INFO [main] org.apache.catalina.startup.HostConfig.deployWAR Deployment of web application archive [C:\content\Java\SpringIntroduction\apache-tomcat-9.0.65\webapps\SpringIntroduction.war] has finished in [2 017] ms
08-Aug-2022 15:04:43.468 INFO [main] org.apache.catalina.startup.HostConfig.deployDirectory Установка веб приложения в папку [C:\content\Java\SpringIntroduction\apache-tomcat-9.0.65\webapps\docs]
08-Aug-2022 15:04:43.489 INFO [main] org.apache.catalina.startup.HostConfig.deployDirectory Deployment of web application directory [C:\content\Java\SpringIntroduction\apache-tomcat-9.0.65\webapps\docs] has finished in [20] ms
08-Aug-2022 15:04:43.489 INFO [main] org.apache.catalina.startup.HostConfig.deployDirectory Установка веб приложения в папку [C:\content\Java\SpringIntroduction\apache-tomcat-9.0.65\webapps\examples]
08-Aug-2022 15:04:43.771 INFO [main] org.apache.catalina.startup.HostConfig.deployDirectory Deployment of web application directory [C:\content\Java\SpringIntroduction\apache-tomcat-9.0.65\webapps\examples] has finished in [281] ms
08-Aug-2022 15:04:43.771 INFO [main] org.apache.catalina.startup.HostConfig.deployDirectory Установка веб приложения в папку [C:\content\Java\SpringIntroduction\apache-tomcat-9.0.65\webapps\host-manager]
08-Aug-2022 15:04:43.807 INFO [main] org.apache.catalina.startup.HostConfig.deployDirectory Deployment of web application directory [C:\content\Java\SpringIntroduction\apache-tomcat-9.0.65\webapps\host-manager] has finished in [36] ms
08-Aug-2022 15:04:43.807 INFO [main] org.apache.catalina.startup.HostConfig.deployDirectory Установка веб приложения в папку [C:\content\Java\SpringIntroduction\apache-tomcat-9.0.65\webapps\manager]
08-Aug-2022 15:04:43.838 INFO [main] org.apache.catalina.startup.HostConfig.deployDirectory Deployment of web application directory [C:\content\Java\SpringIntroduction\apache-tomcat-9.0.65\webapps\manager] has finished in [30] ms
08-Aug-2022 15:04:43.838 INFO [main] org.apache.catalina.startup.HostConfig.deployDirectory Установка веб приложения в папку [C:\content\Java\SpringIntroduction\apache-tomcat-9.0.65\webapps\ROOT]
08-Aug-2022 15:04:43.856 INFO [main] org.apache.catalina.startup.HostConfig.deployDirectory Deployment of web application directory [C:\content\Java\SpringIntroduction\apache-tomcat-9.0.65\webapps\ROOT] has finished in [17] ms
08-Aug-2022 15:04:43.859 INFO [main] org.apache.coyote.AbstractProtocol.start Starting ProtocolHandler ["http-nio-8080"]
08-Aug-2022 15:04:43.889 INFO [main] org.apache.catalina.startup.Catalina.start Server startup in [4574] milliseconds
08-Aug-2022 15:09:04.203 INFO [Catalina-utility-1] org.apache.catalina.startup.HostConfig.undeploy Undeploying context [/SpringIntroduction]
08-Aug-2022 15:09:04.240 INFO [Catalina-utility-1] org.apache.catalina.startup.HostConfig.deployWAR Deploying web application archive [C:\content\Java\SpringIntroduction\apache-tomcat-9.0.65\webapps\SpringIntroduction.war]
08-Aug-2022 15:09:05.299 INFO [Catalina-utility-1] org.apache.jasper.servlet.TldScanner.scanJars At least one JAR was scanned for TLDs yet contained no TLDs. Enable debug logging for this logger for a complete list of JARs that were scanned but no TLDs were found in them. Skipping unneeded JARs during scanning can improve startup time and JSP compilation time.
08-Aug-2022 15:09:06.146 INFO [Catalina-utility-1] org.apache.catalina.startup.HostConfig.deployWAR Deployment of web application archive [C:\content\Java\SpringIntroduction\apache-tomcat-9.0.65\webapps\SpringIntroduction.war] has finished in [1 906] ms
08-Aug-2022 15:11:16.793 INFO [Catalina-utility-1] org.apache.catalina.startup.HostConfig.undeploy Undeploying context [/SpringIntroduction]
08-Aug-2022 15:11:26.822 INFO [Catalina-utility-2] org.apache.catalina.startup.HostConfig.deployWAR Deploying web application archive [C:\content\Java\SpringIntroduction\apache-tomcat-9.0.65\webapps\SpringIntroduction.war]
08-Aug-2022 15:11:27.825 INFO [Catalina-utility-2] org.apache.jasper.servlet.TldScanner.scanJars At least one JAR was scanned for TLDs yet contained no TLDs. Enable debug logging for this logger for a complete list of JARs that were scanned but no TLDs were found in them. Skipping unneeded JARs during scanning can improve startup time and JSP compilation time.
08-Aug-2022 15:11:28.623 INFO [Catalina-utility-2] org.apache.catalina.startup.HostConfig.deployWAR Deployment of web application archive [C:\content\Java\SpringIntroduction\apache-tomcat-9.0.65\webapps\SpringIntroduction.war] has finished in [1 801] ms
08-Aug-2022 15:13:09.250 INFO [Catalina-utility-1] org.apache.catalina.startup.HostConfig.undeploy Undeploying context [/SpringIntroduction]
08-Aug-2022 15:13:19.280 INFO [Catalina-utility-2] org.apache.catalina.startup.HostConfig.deployWAR Deploying web application archive [C:\content\Java\SpringIntroduction\apache-tomcat-9.0.65\webapps\SpringIntroduction.war]
08-Aug-2022 15:13:20.267 INFO [Catalina-utility-2] org.apache.jasper.servlet.TldScanner.scanJars At least one JAR was scanned for TLDs yet contained no TLDs. Enable debug logging for this logger for a complete list of JARs that were scanned but no TLDs were found in them. Skipping unneeded JARs during scanning can improve startup time and JSP compilation time.
08-Aug-2022 15:13:21.075 INFO [Catalina-utility-2] org.apache.catalina.startup.HostConfig.deployWAR Deployment of web application archive [C:\content\Java\SpringIntroduction\apache-tomcat-9.0.65\webapps\SpringIntroduction.war] has finished in [1 794] ms
08-Aug-2022 15:16:41.789 INFO [Catalina-utility-2] org.apache.catalina.startup.HostConfig.undeploy Undeploying context [/SpringIntroduction]
08-Aug-2022 15:16:51.826 INFO [Catalina-utility-1] org.apache.catalina.startup.HostConfig.deployWAR Deploying web application archive [C:\content\Java\SpringIntroduction\apache-tomcat-9.0.65\webapps\SpringIntroduction.war]
08-Aug-2022 15:16:52.841 INFO [Catalina-utility-1] org.apache.jasper.servlet.TldScanner.scanJars At least one JAR was scanned for TLDs yet contained no TLDs. Enable debug logging for this logger for a complete list of JARs that were scanned but no TLDs were found in them. Skipping unneeded JARs during scanning can improve startup time and JSP compilation time.
08-Aug-2022 15:16:53.649 INFO [Catalina-utility-1] org.apache.catalina.startup.HostConfig.deployWAR Deployment of web application archive [C:\content\Java\SpringIntroduction\apache-tomcat-9.0.65\webapps\SpringIntroduction.war] has finished in [1 822] ms
08-Aug-2022 15:22:34.551 INFO [Catalina-utility-1] org.apache.catalina.startup.HostConfig.undeploy Undeploying context [/SpringIntroduction]
08-Aug-2022 15:22:54.604 INFO [Catalina-utility-1] org.apache.catalina.startup.HostConfig.deployWAR Deploying web application archive [C:\content\Java\SpringIntroduction\apache-tomcat-9.0.65\webapps\SpringIntroduction.war]
08-Aug-2022 15:22:55.661 INFO [Catalina-utility-1] org.apache.jasper.servlet.TldScanner.scanJars At least one JAR was scanned for TLDs yet contained no TLDs. Enable debug logging for this logger for a complete list of JARs that were scanned but no TLDs were found in them. Skipping unneeded JARs during scanning can improve startup time and JSP compilation time.
08-Aug-2022 15:22:56.470 INFO [Catalina-utility-1] org.apache.catalina.startup.HostConfig.deployWAR Deployment of web application archive [C:\content\Java\SpringIntroduction\apache-tomcat-9.0.65\webapps\SpringIntroduction.war] has finished in [1 867] ms
08-Aug-2022 15:25:30.142 INFO [main] org.apache.catalina.startup.VersionLoggerListener.log Server version name:   Apache Tomcat/9.0.65
08-Aug-2022 15:25:30.146 INFO [main] org.apache.catalina.startup.VersionLoggerListener.log Server built:          Jul 14 2022 12:28:53 UTC
08-Aug-2022 15:25:30.146 INFO [main] org.apache.catalina.startup.VersionLoggerListener.log Server version number: 9.0.65.0
08-Aug-2022 15:25:30.146 INFO [main] org.apache.catalina.startup.VersionLoggerListener.log OS Name:               Windows 10
08-Aug-2022 15:25:30.146 INFO [main] org.apache.catalina.startup.VersionLoggerListener.log Версия ОС:             10.0
08-Aug-2022 15:25:30.147 INFO [main] org.apache.catalina.startup.VersionLoggerListener.log Архитектура:           amd64
08-Aug-2022 15:25:30.147 INFO [main] org.apache.catalina.startup.VersionLoggerListener.log Java Home:             C:\Users\strou\.jdks\openjdk-17.0.2
08-Aug-2022 15:25:30.147 INFO [main] org.apache.catalina.startup.VersionLoggerListener.log Версия JVM:            17.0.2+8-86
08-Aug-2022 15:25:30.147 INFO [main] org.apache.catalina.startup.VersionLoggerListener.log JVM Vendor:            Oracle Corporation
08-Aug-2022 15:25:30.147 INFO [main] org.apache.catalina.startup.VersionLoggerListener.log CATALINA_BASE:         C:\content\Java\SpringIntroduction\apache-tomcat-9.0.65
08-Aug-2022 15:25:30.147 INFO [main] org.apache.catalina.startup.VersionLoggerListener.log CATALINA_HOME:         C:\content\Java\SpringIntroduction\apache-tomcat-9.0.65
08-Aug-2022 15:25:30.160 INFO [main] org.apache.catalina.startup.VersionLoggerListener.log Command line argument: --add-opens=java.base/java.lang=ALL-UNNAMED
08-Aug-2022 15:25:30.160 INFO [main] org.apache.catalina.startup.VersionLoggerListener.log Command line argument: --add-opens=java.base/java.io=ALL-UNNAMED
08-Aug-2022 15:25:30.160 INFO [main] org.apache.catalina.startup.VersionLoggerListener.log Command line argument: --add-opens=java.base/java.util=ALL-UNNAMED
08-Aug-2022 15:25:30.160 INFO [main] org.apache.catalina.startup.VersionLoggerListener.log Command line argument: --add-opens=java.base/java.util.concurrent=ALL-UNNAMED
08-Aug-2022 15:25:30.161 INFO [main] org.apache.catalina.startup.VersionLoggerListener.log Command line argument: --add-opens=java.rmi/sun.rmi.transport=ALL-UNNAMED
08-Aug-2022 15:25:30.161 INFO [main] org.apache.catalina.startup.VersionLoggerListener.log Command line argument: -Djava.util.logging.config.file=C:\content\Java\SpringIntroduction\apache-tomcat-9.0.65\conf\logging.properties
08-Aug-2022 15:25:30.162 INFO [main] org.apache.catalina.startup.VersionLoggerListener.log Command line argument: -Djava.util.logging.manager=org.apache.juli.ClassLoaderLogManager
08-Aug-2022 15:25:30.162 INFO [main] org.apache.catalina.startup.VersionLoggerListener.log Command line argument: -Djdk.tls.ephemeralDHKeySize=2048
08-Aug-2022 15:25:30.163 INFO [main] org.apache.catalina.startup.VersionLoggerListener.log Command line argument: -Djava.protocol.handler.pkgs=org.apache.catalina.webresources
08-Aug-2022 15:25:30.163 INFO [main] org.apache.catalina.startup.VersionLoggerListener.log Command line argument: -Dignore.endorsed.dirs=
08-Aug-2022 15:25:30.164 INFO [main] org.apache.catalina.startup.VersionLoggerListener.log Command line argument: -Dcatalina.base=C:\content\Java\SpringIntroduction\apache-tomcat-9.0.65
08-Aug-2022 15:25:30.164 INFO [main] org.apache.catalina.startup.VersionLoggerListener.log Command line argument: -Dcatalina.home=C:\content\Java\SpringIntroduction\apache-tomcat-9.0.65
08-Aug-2022 15:25:30.164 INFO [main] org.apache.catalina.startup.VersionLoggerListener.log Command line argument: -Djava.io.tmpdir=C:\content\Java\SpringIntroduction\apache-tomcat-9.0.65\temp
08-Aug-2022 15:25:30.173 INFO [main] org.apache.catalina.core.AprLifecycleListener.lifecycleEvent The Apache Tomcat Native library which allows using OpenSSL was not found on the java.library.path: [C:\Users\strou\.jdks\openjdk-17.0.2\bin;C:\Windows\Sun\Java\bin;C:\Windows\system32;C:\Windows;C:\Program Files\Common Files\Oracle\Java\javapath;C:\Program Files (x86)\Razer\ChromaBroadcast\bin;C:\Program Files\Razer\ChromaBroadcast\bin;C:\Program Files (x86)\Common Files\Oracle\Java\javapath;C:\ProgramData\Oracle\Java\javapath;C:\Windows\system32;C:\Windows;C:\Windows\System32\Wbem;C:\Windows\System32\WindowsPowerShell\v1.0\;C:\Windows\System32\OpenSSH\;C:\Program Files\NVIDIA Corporation\NVIDIA NvDLISR;C:\Program Files (x86)\NVIDIA Corporation\PhysX\Common;C:\Program Files\dotnet\;C:\Program Files\Git\cmd;C:\Windows\system32\config\systemprofile\AppData\Local\Microsoft\WindowsApps;C:\Program Files\WireGuard\;C:\Users\strou\AppData\Local\Programs\Python\Python37\Scripts\;C:\Users\strou\AppData\Local\Programs\Python\Python37\;C:\Users\strou\AppData\Local\Programs\Python\Python310\Scripts\;C:\Users\strou\AppData\Local\Programs\Python\Python310\;C:\Users\strou\AppData\Local\Microsoft\WindowsApps;C:\content\IntelliJ IDEA 2021.3.2\bin;;C:\content\quartus\modelsim_ase\win32aloem;C:\content\quartus\modelsim_ae\win32aloem;C:\Users\strou\AppData\Local\GitHubDesktop\bin;C:\Users\strou\AppData\Local\Programs\Microsoft VS Code\bin;.]
08-Aug-2022 15:25:30.400 INFO [main] org.apache.coyote.AbstractProtocol.init Initializing ProtocolHandler ["http-nio-8080"]
08-Aug-2022 15:25:30.422 INFO [main] org.apache.catalina.startup.Catalina.load Server initialization in [459] milliseconds
08-Aug-2022 15:25:30.456 INFO [main] org.apache.catalina.core.StandardService.startInternal Starting service [Catalina]
08-Aug-2022 15:25:30.456 INFO [main] org.apache.catalina.core.StandardEngine.startInternal Starting Servlet engine: [Apache Tomcat/9.0.65]
08-Aug-2022 15:25:30.472 INFO [main] org.apache.catalina.startup.HostConfig.deployWAR Deploying web application archive [C:\content\Java\SpringIntroduction\apache-tomcat-9.0.65\webapps\Spring.war]
08-Aug-2022 15:25:31.527 INFO [main] org.apache.jasper.servlet.TldScanner.scanJars At least one JAR was scanned for TLDs yet contained no TLDs. Enable debug logging for this logger for a complete list of JARs that were scanned but no TLDs were found in them. Skipping unneeded JARs during scanning can improve startup time and JSP compilation time.
08-Aug-2022 15:25:32.574 INFO [main] org.apache.catalina.startup.HostConfig.deployWAR Deployment of web application archive [C:\content\Java\SpringIntroduction\apache-tomcat-9.0.65\webapps\Spring.war] has finished in [2 102] ms
08-Aug-2022 15:25:32.583 INFO [main] org.apache.catalina.startup.HostConfig.deployWAR Deploying web application archive [C:\content\Java\SpringIntroduction\apache-tomcat-9.0.65\webapps\SpringIntroduction.war]
08-Aug-2022 15:25:32.586 INFO [main] org.apache.catalina.startup.ExpandWar.expand An expanded directory [C:\content\Java\SpringIntroduction\apache-tomcat-9.0.65\webapps\SpringIntroduction] was found with a last modified time that did not match the associated WAR. It will be deleted.
08-Aug-2022 15:25:33.667 INFO [main] org.apache.jasper.servlet.TldScanner.scanJars At least one JAR was scanned for TLDs yet contained no TLDs. Enable debug logging for this logger for a complete list of JARs that were scanned but no TLDs were found in them. Skipping unneeded JARs during scanning can improve startup time and JSP compilation time.
08-Aug-2022 15:25:34.577 INFO [main] org.apache.catalina.startup.HostConfig.deployWAR Deployment of web application archive [C:\content\Java\SpringIntroduction\apache-tomcat-9.0.65\webapps\SpringIntroduction.war] has finished in [1 993] ms
08-Aug-2022 15:25:34.577 INFO [main] org.apache.catalina.startup.HostConfig.deployDirectory Установка веб приложения в папку [C:\content\Java\SpringIntroduction\apache-tomcat-9.0.65\webapps\docs]
08-Aug-2022 15:25:34.598 INFO [main] org.apache.catalina.startup.HostConfig.deployDirectory Deployment of web application directory [C:\content\Java\SpringIntroduction\apache-tomcat-9.0.65\webapps\docs] has finished in [21] ms
08-Aug-2022 15:25:34.598 INFO [main] org.apache.catalina.startup.HostConfig.deployDirectory Установка веб приложения в папку [C:\content\Java\SpringIntroduction\apache-tomcat-9.0.65\webapps\examples]
08-Aug-2022 15:25:34.873 INFO [main] org.apache.catalina.startup.HostConfig.deployDirectory Deployment of web application directory [C:\content\Java\SpringIntroduction\apache-tomcat-9.0.65\webapps\examples] has finished in [275] ms
08-Aug-2022 15:25:34.873 INFO [main] org.apache.catalina.startup.HostConfig.deployDirectory Установка веб приложения в папку [C:\content\Java\SpringIntroduction\apache-tomcat-9.0.65\webapps\host-manager]
08-Aug-2022 15:25:34.916 INFO [main] org.apache.catalina.startup.HostConfig.deployDirectory Deployment of web application directory [C:\content\Java\SpringIntroduction\apache-tomcat-9.0.65\webapps\host-manager] has finished in [43] ms
08-Aug-2022 15:25:34.917 INFO [main] org.apache.catalina.startup.HostConfig.deployDirectory Установка веб приложения в папку [C:\content\Java\SpringIntroduction\apache-tomcat-9.0.65\webapps\manager]
08-Aug-2022 15:25:34.948 INFO [main] org.apache.catalina.startup.HostConfig.deployDirectory Deployment of web application directory [C:\content\Java\SpringIntroduction\apache-tomcat-9.0.65\webapps\manager] has finished in [31] ms
08-Aug-2022 15:25:34.948 INFO [main] org.apache.catalina.startup.HostConfig.deployDirectory Установка веб приложения в папку [C:\content\Java\SpringIntroduction\apache-tomcat-9.0.65\webapps\ROOT]
08-Aug-2022 15:25:34.966 INFO [main] org.apache.catalina.startup.HostConfig.deployDirectory Deployment of web application directory [C:\content\Java\SpringIntroduction\apache-tomcat-9.0.65\webapps\ROOT] has finished in [18] ms
08-Aug-2022 15:25:34.969 INFO [main] org.apache.coyote.AbstractProtocol.start Starting ProtocolHandler ["http-nio-8080"]
08-Aug-2022 15:25:35.002 INFO [main] org.apache.catalina.startup.Catalina.start Server startup in [4579] milliseconds
08-Aug-2022 15:31:15.295 INFO [Catalina-utility-2] org.apache.catalina.startup.HostConfig.undeploy Undeploying context [/SpringIntroduction]
08-Aug-2022 15:31:15.325 INFO [Catalina-utility-2] org.apache.catalina.startup.HostConfig.deployWAR Deploying web application archive [C:\content\Java\SpringIntroduction\apache-tomcat-9.0.65\webapps\SpringIntroduction.war]
08-Aug-2022 15:31:16.491 INFO [Catalina-utility-2] org.apache.jasper.servlet.TldScanner.scanJars At least one JAR was scanned for TLDs yet contained no TLDs. Enable debug logging for this logger for a complete list of JARs that were scanned but no TLDs were found in them. Skipping unneeded JARs during scanning can improve startup time and JSP compilation time.
08-Aug-2022 15:31:17.352 INFO [Catalina-utility-2] org.apache.catalina.startup.HostConfig.deployWAR Deployment of web application archive [C:\content\Java\SpringIntroduction\apache-tomcat-9.0.65\webapps\SpringIntroduction.war] has finished in [2 028] ms
08-Aug-2022 15:40:47.971 INFO [Catalina-utility-2] org.apache.catalina.startup.HostConfig.undeploy Undeploying context [/SpringIntroduction]
08-Aug-2022 15:40:47.997 INFO [Catalina-utility-2] org.apache.catalina.startup.HostConfig.deployWAR Deploying web application archive [C:\content\Java\SpringIntroduction\apache-tomcat-9.0.65\webapps\SpringIntroduction.war]
08-Aug-2022 15:40:49.045 INFO [Catalina-utility-2] org.apache.jasper.servlet.TldScanner.scanJars At least one JAR was scanned for TLDs yet contained no TLDs. Enable debug logging for this logger for a complete list of JARs that were scanned but no TLDs were found in them. Skipping unneeded JARs during scanning can improve startup time and JSP compilation time.
08-Aug-2022 15:40:49.865 INFO [Catalina-utility-2] org.apache.catalina.startup.HostConfig.deployWAR Deployment of web application archive [C:\content\Java\SpringIntroduction\apache-tomcat-9.0.65\webapps\SpringIntroduction.war] has finished in [1 867] ms
08-Aug-2022 15:41:29.928 INFO [Catalina-utility-2] org.apache.catalina.startup.HostConfig.undeploy Undeploying context [/SpringIntroduction]
08-Aug-2022 15:41:29.954 INFO [Catalina-utility-2] org.apache.catalina.startup.HostConfig.deployWAR Deploying web application archive [C:\content\Java\SpringIntroduction\apache-tomcat-9.0.65\webapps\SpringIntroduction.war]
08-Aug-2022 15:41:30.975 INFO [Catalina-utility-2] org.apache.jasper.servlet.TldScanner.scanJars At least one JAR was scanned for TLDs yet contained no TLDs. Enable debug logging for this logger for a complete list of JARs that were scanned but no TLDs were found in them. Skipping unneeded JARs during scanning can improve startup time and JSP compilation time.
08-Aug-2022 15:41:31.788 INFO [Catalina-utility-2] org.apache.catalina.startup.HostConfig.deployWAR Deployment of web application archive [C:\content\Java\SpringIntroduction\apache-tomcat-9.0.65\webapps\SpringIntroduction.war] has finished in [1 834] ms
08-Aug-2022 15:42:01.820 INFO [Catalina-utility-2] org.apache.catalina.startup.HostConfig.undeploy Undeploying context [/SpringIntroduction]
08-Aug-2022 15:42:01.845 INFO [Catalina-utility-2] org.apache.catalina.startup.HostConfig.deployWAR Deploying web application archive [C:\content\Java\SpringIntroduction\apache-tomcat-9.0.65\webapps\SpringIntroduction.war]
08-Aug-2022 15:42:02.869 INFO [Catalina-utility-2] org.apache.jasper.servlet.TldScanner.scanJars At least one JAR was scanned for TLDs yet contained no TLDs. Enable debug logging for this logger for a complete list of JARs that were scanned but no TLDs were found in them. Skipping unneeded JARs during scanning can improve startup time and JSP compilation time.
08-Aug-2022 15:42:03.658 INFO [Catalina-utility-2] org.apache.catalina.startup.HostConfig.deployWAR Deployment of web application archive [C:\content\Java\SpringIntroduction\apache-tomcat-9.0.65\webapps\SpringIntroduction.war] has finished in [1 813] ms
