07-Aug-2022 14:56:35.164 INFO [main] org.apache.catalina.startup.VersionLoggerListener.log Server version name:   Apache Tomcat/9.0.65
07-Aug-2022 14:56:35.167 INFO [main] org.apache.catalina.startup.VersionLoggerListener.log Server built:          Jul 14 2022 12:28:53 UTC
07-Aug-2022 14:56:35.167 INFO [main] org.apache.catalina.startup.VersionLoggerListener.log Server version number: 9.0.65.0
07-Aug-2022 14:56:35.168 INFO [main] org.apache.catalina.startup.VersionLoggerListener.log OS Name:               Windows 10
07-Aug-2022 14:56:35.168 INFO [main] org.apache.catalina.startup.VersionLoggerListener.log Версия ОС:             10.0
07-Aug-2022 14:56:35.168 INFO [main] org.apache.catalina.startup.VersionLoggerListener.log Архитектура:           amd64
07-Aug-2022 14:56:35.168 INFO [main] org.apache.catalina.startup.VersionLoggerListener.log Java Home:             C:\Users\strou\.jdks\openjdk-17.0.2
07-Aug-2022 14:56:35.168 INFO [main] org.apache.catalina.startup.VersionLoggerListener.log Версия JVM:            17.0.2+8-86
07-Aug-2022 14:56:35.169 INFO [main] org.apache.catalina.startup.VersionLoggerListener.log JVM Vendor:            Oracle Corporation
07-Aug-2022 14:56:35.169 INFO [main] org.apache.catalina.startup.VersionLoggerListener.log CATALINA_BASE:         C:\content\Java\SpringIntroduction\apache-tomcat-9.0.65
07-Aug-2022 14:56:35.169 INFO [main] org.apache.catalina.startup.VersionLoggerListener.log CATALINA_HOME:         C:\content\Java\SpringIntroduction\apache-tomcat-9.0.65
07-Aug-2022 14:56:35.177 INFO [main] org.apache.catalina.startup.VersionLoggerListener.log Command line argument: --add-opens=java.base/java.lang=ALL-UNNAMED
07-Aug-2022 14:56:35.177 INFO [main] org.apache.catalina.startup.VersionLoggerListener.log Command line argument: --add-opens=java.base/java.io=ALL-UNNAMED
07-Aug-2022 14:56:35.177 INFO [main] org.apache.catalina.startup.VersionLoggerListener.log Command line argument: --add-opens=java.base/java.util=ALL-UNNAMED
07-Aug-2022 14:56:35.177 INFO [main] org.apache.catalina.startup.VersionLoggerListener.log Command line argument: --add-opens=java.base/java.util.concurrent=ALL-UNNAMED
07-Aug-2022 14:56:35.178 INFO [main] org.apache.catalina.startup.VersionLoggerListener.log Command line argument: --add-opens=java.rmi/sun.rmi.transport=ALL-UNNAMED
07-Aug-2022 14:56:35.178 INFO [main] org.apache.catalina.startup.VersionLoggerListener.log Command line argument: -Djava.util.logging.config.file=C:\content\Java\SpringIntroduction\apache-tomcat-9.0.65\conf\logging.properties
07-Aug-2022 14:56:35.179 INFO [main] org.apache.catalina.startup.VersionLoggerListener.log Command line argument: -Djava.util.logging.manager=org.apache.juli.ClassLoaderLogManager
07-Aug-2022 14:56:35.179 INFO [main] org.apache.catalina.startup.VersionLoggerListener.log Command line argument: -Djdk.tls.ephemeralDHKeySize=2048
07-Aug-2022 14:56:35.180 INFO [main] org.apache.catalina.startup.VersionLoggerListener.log Command line argument: -Djava.protocol.handler.pkgs=org.apache.catalina.webresources
07-Aug-2022 14:56:35.180 INFO [main] org.apache.catalina.startup.VersionLoggerListener.log Command line argument: -Dignore.endorsed.dirs=
07-Aug-2022 14:56:35.180 INFO [main] org.apache.catalina.startup.VersionLoggerListener.log Command line argument: -Dcatalina.base=C:\content\Java\SpringIntroduction\apache-tomcat-9.0.65
07-Aug-2022 14:56:35.181 INFO [main] org.apache.catalina.startup.VersionLoggerListener.log Command line argument: -Dcatalina.home=C:\content\Java\SpringIntroduction\apache-tomcat-9.0.65
07-Aug-2022 14:56:35.181 INFO [main] org.apache.catalina.startup.VersionLoggerListener.log Command line argument: -Djava.io.tmpdir=C:\content\Java\SpringIntroduction\apache-tomcat-9.0.65\temp
07-Aug-2022 14:56:35.196 INFO [main] org.apache.catalina.core.AprLifecycleListener.lifecycleEvent The Apache Tomcat Native library which allows using OpenSSL was not found on the java.library.path: [C:\Users\strou\.jdks\openjdk-17.0.2\bin;C:\Windows\Sun\Java\bin;C:\Windows\system32;C:\Windows;C:\Program Files\Common Files\Oracle\Java\javapath;C:\Program Files (x86)\Razer\ChromaBroadcast\bin;C:\Program Files\Razer\ChromaBroadcast\bin;C:\Program Files (x86)\Common Files\Oracle\Java\javapath;C:\ProgramData\Oracle\Java\javapath;C:\Windows\system32;C:\Windows;C:\Windows\System32\Wbem;C:\Windows\System32\WindowsPowerShell\v1.0\;C:\Windows\System32\OpenSSH\;C:\Program Files\NVIDIA Corporation\NVIDIA NvDLISR;C:\Program Files (x86)\NVIDIA Corporation\PhysX\Common;C:\Program Files\dotnet\;C:\Program Files\Git\cmd;C:\Windows\system32\config\systemprofile\AppData\Local\Microsoft\WindowsApps;C:\Program Files\WireGuard\;C:\Users\strou\AppData\Local\Programs\Python\Python37\Scripts\;C:\Users\strou\AppData\Local\Programs\Python\Python37\;C:\Users\strou\AppData\Local\Programs\Python\Python310\Scripts\;C:\Users\strou\AppData\Local\Programs\Python\Python310\;C:\Users\strou\AppData\Local\Microsoft\WindowsApps;C:\content\IntelliJ IDEA 2021.3.2\bin;;C:\content\quartus\modelsim_ase\win32aloem;C:\content\quartus\modelsim_ae\win32aloem;C:\Users\strou\AppData\Local\GitHubDesktop\bin;C:\Users\strou\AppData\Local\Programs\Microsoft VS Code\bin;.]
07-Aug-2022 14:56:35.486 INFO [main] org.apache.coyote.AbstractProtocol.init Initializing ProtocolHandler ["http-nio-8080"]
07-Aug-2022 14:56:35.508 INFO [main] org.apache.catalina.startup.Catalina.load Server initialization in [481] milliseconds
07-Aug-2022 14:56:35.552 INFO [main] org.apache.catalina.core.StandardService.startInternal Starting service [Catalina]
07-Aug-2022 14:56:35.553 INFO [main] org.apache.catalina.core.StandardEngine.startInternal Starting Servlet engine: [Apache Tomcat/9.0.65]
07-Aug-2022 14:56:35.568 INFO [main] org.apache.catalina.startup.HostConfig.deployWAR Deploying web application archive [C:\content\Java\SpringIntroduction\apache-tomcat-9.0.65\webapps\SpringIntroduction.war]
07-Aug-2022 14:56:36.691 INFO [main] org.apache.jasper.servlet.TldScanner.scanJars At least one JAR was scanned for TLDs yet contained no TLDs. Enable debug logging for this logger for a complete list of JARs that were scanned but no TLDs were found in them. Skipping unneeded JARs during scanning can improve startup time and JSP compilation time.
07-Aug-2022 14:56:37.742 INFO [main] org.apache.catalina.startup.HostConfig.deployWAR Deployment of web application archive [C:\content\Java\SpringIntroduction\apache-tomcat-9.0.65\webapps\SpringIntroduction.war] has finished in [2 172] ms
07-Aug-2022 14:56:37.742 INFO [main] org.apache.catalina.startup.HostConfig.deployDirectory Установка веб приложения в папку [C:\content\Java\SpringIntroduction\apache-tomcat-9.0.65\webapps\docs]
07-Aug-2022 14:56:37.766 INFO [main] org.apache.catalina.startup.HostConfig.deployDirectory Deployment of web application directory [C:\content\Java\SpringIntroduction\apache-tomcat-9.0.65\webapps\docs] has finished in [24] ms
07-Aug-2022 14:56:37.766 INFO [main] org.apache.catalina.startup.HostConfig.deployDirectory Установка веб приложения в папку [C:\content\Java\SpringIntroduction\apache-tomcat-9.0.65\webapps\examples]
07-Aug-2022 14:56:38.065 INFO [main] org.apache.catalina.startup.HostConfig.deployDirectory Deployment of web application directory [C:\content\Java\SpringIntroduction\apache-tomcat-9.0.65\webapps\examples] has finished in [299] ms
07-Aug-2022 14:56:38.066 INFO [main] org.apache.catalina.startup.HostConfig.deployDirectory Установка веб приложения в папку [C:\content\Java\SpringIntroduction\apache-tomcat-9.0.65\webapps\host-manager]
07-Aug-2022 14:56:38.100 INFO [main] org.apache.catalina.startup.HostConfig.deployDirectory Deployment of web application directory [C:\content\Java\SpringIntroduction\apache-tomcat-9.0.65\webapps\host-manager] has finished in [34] ms
07-Aug-2022 14:56:38.100 INFO [main] org.apache.catalina.startup.HostConfig.deployDirectory Установка веб приложения в папку [C:\content\Java\SpringIntroduction\apache-tomcat-9.0.65\webapps\manager]
07-Aug-2022 14:56:38.134 INFO [main] org.apache.catalina.startup.HostConfig.deployDirectory Deployment of web application directory [C:\content\Java\SpringIntroduction\apache-tomcat-9.0.65\webapps\manager] has finished in [34] ms
07-Aug-2022 14:56:38.134 INFO [main] org.apache.catalina.startup.HostConfig.deployDirectory Установка веб приложения в папку [C:\content\Java\SpringIntroduction\apache-tomcat-9.0.65\webapps\ROOT]
07-Aug-2022 14:56:38.156 INFO [main] org.apache.catalina.startup.HostConfig.deployDirectory Deployment of web application directory [C:\content\Java\SpringIntroduction\apache-tomcat-9.0.65\webapps\ROOT] has finished in [22] ms
07-Aug-2022 14:56:38.158 INFO [main] org.apache.coyote.AbstractProtocol.start Starting ProtocolHandler ["http-nio-8080"]
07-Aug-2022 14:56:38.183 INFO [main] org.apache.catalina.startup.Catalina.start Server startup in [2674] milliseconds
07-Aug-2022 14:57:48.751 INFO [Catalina-utility-1] org.apache.catalina.startup.HostConfig.undeploy Undeploying context [/SpringIntroduction]
07-Aug-2022 14:58:08.779 INFO [Catalina-utility-1] org.apache.catalina.startup.HostConfig.deployWAR Deploying web application archive [C:\content\Java\SpringIntroduction\apache-tomcat-9.0.65\webapps\SpringIntroduction.war]
07-Aug-2022 14:58:09.865 INFO [Catalina-utility-1] org.apache.jasper.servlet.TldScanner.scanJars At least one JAR was scanned for TLDs yet contained no TLDs. Enable debug logging for this logger for a complete list of JARs that were scanned but no TLDs were found in them. Skipping unneeded JARs during scanning can improve startup time and JSP compilation time.
07-Aug-2022 14:58:10.722 INFO [Catalina-utility-1] org.apache.catalina.startup.HostConfig.deployWAR Deployment of web application archive [C:\content\Java\SpringIntroduction\apache-tomcat-9.0.65\webapps\SpringIntroduction.war] has finished in [1 943] ms
07-Aug-2022 14:58:51.283 INFO [Catalina-utility-2] org.apache.catalina.startup.HostConfig.undeploy Undeploying context [/SpringIntroduction]
07-Aug-2022 14:59:11.311 INFO [Catalina-utility-2] org.apache.catalina.startup.HostConfig.deployWAR Deploying web application archive [C:\content\Java\SpringIntroduction\apache-tomcat-9.0.65\webapps\SpringIntroduction.war]
07-Aug-2022 14:59:12.384 INFO [Catalina-utility-2] org.apache.jasper.servlet.TldScanner.scanJars At least one JAR was scanned for TLDs yet contained no TLDs. Enable debug logging for this logger for a complete list of JARs that were scanned but no TLDs were found in them. Skipping unneeded JARs during scanning can improve startup time and JSP compilation time.
07-Aug-2022 14:59:13.303 INFO [Catalina-utility-2] org.apache.catalina.startup.HostConfig.deployWAR Deployment of web application archive [C:\content\Java\SpringIntroduction\apache-tomcat-9.0.65\webapps\SpringIntroduction.war] has finished in [1 992] ms
07-Aug-2022 15:00:23.388 INFO [Catalina-utility-1] org.apache.catalina.startup.HostConfig.undeploy Undeploying context [/SpringIntroduction]
07-Aug-2022 15:00:23.402 INFO [Catalina-utility-1] org.apache.catalina.startup.HostConfig.deployWAR Deploying web application archive [C:\content\Java\SpringIntroduction\apache-tomcat-9.0.65\webapps\SpringIntroduction.war]
07-Aug-2022 15:00:24.477 INFO [Catalina-utility-1] org.apache.jasper.servlet.TldScanner.scanJars At least one JAR was scanned for TLDs yet contained no TLDs. Enable debug logging for this logger for a complete list of JARs that were scanned but no TLDs were found in them. Skipping unneeded JARs during scanning can improve startup time and JSP compilation time.
07-Aug-2022 15:00:25.314 INFO [Catalina-utility-1] org.apache.catalina.startup.HostConfig.deployWAR Deployment of web application archive [C:\content\Java\SpringIntroduction\apache-tomcat-9.0.65\webapps\SpringIntroduction.war] has finished in [1 912] ms
07-Aug-2022 15:01:55.926 INFO [Catalina-utility-1] org.apache.catalina.startup.HostConfig.undeploy Undeploying context [/SpringIntroduction]
07-Aug-2022 15:02:25.986 INFO [Catalina-utility-2] org.apache.catalina.startup.HostConfig.deployWAR Deploying web application archive [C:\content\Java\SpringIntroduction\apache-tomcat-9.0.65\webapps\SpringIntroduction.war]
07-Aug-2022 15:02:27.048 INFO [Catalina-utility-2] org.apache.jasper.servlet.TldScanner.scanJars At least one JAR was scanned for TLDs yet contained no TLDs. Enable debug logging for this logger for a complete list of JARs that were scanned but no TLDs were found in them. Skipping unneeded JARs during scanning can improve startup time and JSP compilation time.
07-Aug-2022 15:02:27.886 INFO [Catalina-utility-2] org.apache.catalina.startup.HostConfig.deployWAR Deployment of web application archive [C:\content\Java\SpringIntroduction\apache-tomcat-9.0.65\webapps\SpringIntroduction.war] has finished in [1 900] ms
07-Aug-2022 15:02:48.400 INFO [Catalina-utility-2] org.apache.catalina.startup.HostConfig.undeploy Undeploying context [/SpringIntroduction]
07-Aug-2022 15:02:58.420 INFO [Catalina-utility-2] org.apache.catalina.startup.HostConfig.deployWAR Deploying web application archive [C:\content\Java\SpringIntroduction\apache-tomcat-9.0.65\webapps\SpringIntroduction.war]
07-Aug-2022 15:02:59.433 INFO [Catalina-utility-2] org.apache.jasper.servlet.TldScanner.scanJars At least one JAR was scanned for TLDs yet contained no TLDs. Enable debug logging for this logger for a complete list of JARs that were scanned but no TLDs were found in them. Skipping unneeded JARs during scanning can improve startup time and JSP compilation time.
07-Aug-2022 15:03:00.242 INFO [Catalina-utility-2] org.apache.catalina.startup.HostConfig.deployWAR Deployment of web application archive [C:\content\Java\SpringIntroduction\apache-tomcat-9.0.65\webapps\SpringIntroduction.war] has finished in [1 822] ms
07-Aug-2022 15:05:10.373 INFO [Catalina-utility-2] org.apache.catalina.startup.HostConfig.undeploy Undeploying context [/SpringIntroduction]
07-Aug-2022 15:05:10.386 INFO [Catalina-utility-2] org.apache.catalina.startup.HostConfig.deployWAR Deploying web application archive [C:\content\Java\SpringIntroduction\apache-tomcat-9.0.65\webapps\SpringIntroduction.war]
07-Aug-2022 15:05:11.418 INFO [Catalina-utility-2] org.apache.jasper.servlet.TldScanner.scanJars At least one JAR was scanned for TLDs yet contained no TLDs. Enable debug logging for this logger for a complete list of JARs that were scanned but no TLDs were found in them. Skipping unneeded JARs during scanning can improve startup time and JSP compilation time.
07-Aug-2022 15:05:12.242 INFO [Catalina-utility-2] org.apache.catalina.startup.HostConfig.deployWAR Deployment of web application archive [C:\content\Java\SpringIntroduction\apache-tomcat-9.0.65\webapps\SpringIntroduction.war] has finished in [1 856] ms
07-Aug-2022 15:29:53.911 INFO [Catalina-utility-1] org.apache.catalina.startup.HostConfig.undeploy Undeploying context [/SpringIntroduction]
07-Aug-2022 15:29:53.924 INFO [Catalina-utility-1] org.apache.catalina.startup.HostConfig.deployWAR Deploying web application archive [C:\content\Java\SpringIntroduction\apache-tomcat-9.0.65\webapps\SpringIntroduction.war]
07-Aug-2022 15:29:54.966 INFO [Catalina-utility-1] org.apache.jasper.servlet.TldScanner.scanJars At least one JAR was scanned for TLDs yet contained no TLDs. Enable debug logging for this logger for a complete list of JARs that were scanned but no TLDs were found in them. Skipping unneeded JARs during scanning can improve startup time and JSP compilation time.
07-Aug-2022 15:29:55.773 INFO [Catalina-utility-1] org.apache.catalina.startup.HostConfig.deployWAR Deployment of web application archive [C:\content\Java\SpringIntroduction\apache-tomcat-9.0.65\webapps\SpringIntroduction.war] has finished in [1 849] ms
07-Aug-2022 15:30:35.818 INFO [Catalina-utility-1] org.apache.catalina.startup.HostConfig.undeploy Undeploying context [/SpringIntroduction]
07-Aug-2022 15:30:35.831 INFO [Catalina-utility-1] org.apache.catalina.startup.HostConfig.deployWAR Deploying web application archive [C:\content\Java\SpringIntroduction\apache-tomcat-9.0.65\webapps\SpringIntroduction.war]
07-Aug-2022 15:30:36.871 INFO [Catalina-utility-1] org.apache.jasper.servlet.TldScanner.scanJars At least one JAR was scanned for TLDs yet contained no TLDs. Enable debug logging for this logger for a complete list of JARs that were scanned but no TLDs were found in them. Skipping unneeded JARs during scanning can improve startup time and JSP compilation time.
07-Aug-2022 15:30:37.681 INFO [Catalina-utility-1] org.apache.catalina.startup.HostConfig.deployWAR Deployment of web application archive [C:\content\Java\SpringIntroduction\apache-tomcat-9.0.65\webapps\SpringIntroduction.war] has finished in [1 850] ms
07-Aug-2022 18:19:47.548 INFO [main] org.apache.catalina.startup.VersionLoggerListener.log Server version name:   Apache Tomcat/9.0.65
07-Aug-2022 18:19:47.552 INFO [main] org.apache.catalina.startup.VersionLoggerListener.log Server built:          Jul 14 2022 12:28:53 UTC
07-Aug-2022 18:19:47.552 INFO [main] org.apache.catalina.startup.VersionLoggerListener.log Server version number: 9.0.65.0
07-Aug-2022 18:19:47.552 INFO [main] org.apache.catalina.startup.VersionLoggerListener.log OS Name:               Windows 10
07-Aug-2022 18:19:47.553 INFO [main] org.apache.catalina.startup.VersionLoggerListener.log Версия ОС:             10.0
07-Aug-2022 18:19:47.553 INFO [main] org.apache.catalina.startup.VersionLoggerListener.log Архитектура:           amd64
07-Aug-2022 18:19:47.554 INFO [main] org.apache.catalina.startup.VersionLoggerListener.log Java Home:             C:\Users\strou\.jdks\openjdk-17.0.2
07-Aug-2022 18:19:47.554 INFO [main] org.apache.catalina.startup.VersionLoggerListener.log Версия JVM:            17.0.2+8-86
07-Aug-2022 18:19:47.554 INFO [main] org.apache.catalina.startup.VersionLoggerListener.log JVM Vendor:            Oracle Corporation
07-Aug-2022 18:19:47.554 INFO [main] org.apache.catalina.startup.VersionLoggerListener.log CATALINA_BASE:         C:\content\Java\SpringIntroduction\apache-tomcat-9.0.65
07-Aug-2022 18:19:47.554 INFO [main] org.apache.catalina.startup.VersionLoggerListener.log CATALINA_HOME:         C:\content\Java\SpringIntroduction\apache-tomcat-9.0.65
07-Aug-2022 18:19:47.563 INFO [main] org.apache.catalina.startup.VersionLoggerListener.log Command line argument: --add-opens=java.base/java.lang=ALL-UNNAMED
07-Aug-2022 18:19:47.563 INFO [main] org.apache.catalina.startup.VersionLoggerListener.log Command line argument: --add-opens=java.base/java.io=ALL-UNNAMED
07-Aug-2022 18:19:47.563 INFO [main] org.apache.catalina.startup.VersionLoggerListener.log Command line argument: --add-opens=java.base/java.util=ALL-UNNAMED
07-Aug-2022 18:19:47.563 INFO [main] org.apache.catalina.startup.VersionLoggerListener.log Command line argument: --add-opens=java.base/java.util.concurrent=ALL-UNNAMED
07-Aug-2022 18:19:47.564 INFO [main] org.apache.catalina.startup.VersionLoggerListener.log Command line argument: --add-opens=java.rmi/sun.rmi.transport=ALL-UNNAMED
07-Aug-2022 18:19:47.570 INFO [main] org.apache.catalina.startup.VersionLoggerListener.log Command line argument: -Djava.util.logging.config.file=C:\content\Java\SpringIntroduction\apache-tomcat-9.0.65\conf\logging.properties
07-Aug-2022 18:19:47.571 INFO [main] org.apache.catalina.startup.VersionLoggerListener.log Command line argument: -Djava.util.logging.manager=org.apache.juli.ClassLoaderLogManager
07-Aug-2022 18:19:47.571 INFO [main] org.apache.catalina.startup.VersionLoggerListener.log Command line argument: -Djdk.tls.ephemeralDHKeySize=2048
07-Aug-2022 18:19:47.572 INFO [main] org.apache.catalina.startup.VersionLoggerListener.log Command line argument: -Djava.protocol.handler.pkgs=org.apache.catalina.webresources
07-Aug-2022 18:19:47.573 INFO [main] org.apache.catalina.startup.VersionLoggerListener.log Command line argument: -Dignore.endorsed.dirs=
07-Aug-2022 18:19:47.574 INFO [main] org.apache.catalina.startup.VersionLoggerListener.log Command line argument: -Dcatalina.base=C:\content\Java\SpringIntroduction\apache-tomcat-9.0.65
07-Aug-2022 18:19:47.574 INFO [main] org.apache.catalina.startup.VersionLoggerListener.log Command line argument: -Dcatalina.home=C:\content\Java\SpringIntroduction\apache-tomcat-9.0.65
07-Aug-2022 18:19:47.575 INFO [main] org.apache.catalina.startup.VersionLoggerListener.log Command line argument: -Djava.io.tmpdir=C:\content\Java\SpringIntroduction\apache-tomcat-9.0.65\temp
07-Aug-2022 18:19:47.586 INFO [main] org.apache.catalina.core.AprLifecycleListener.lifecycleEvent The Apache Tomcat Native library which allows using OpenSSL was not found on the java.library.path: [C:\Users\strou\.jdks\openjdk-17.0.2\bin;C:\Windows\Sun\Java\bin;C:\Windows\system32;C:\Windows;C:\Program Files\Common Files\Oracle\Java\javapath;C:\Program Files (x86)\Razer\ChromaBroadcast\bin;C:\Program Files\Razer\ChromaBroadcast\bin;C:\Program Files (x86)\Common Files\Oracle\Java\javapath;C:\ProgramData\Oracle\Java\javapath;C:\Windows\system32;C:\Windows;C:\Windows\System32\Wbem;C:\Windows\System32\WindowsPowerShell\v1.0\;C:\Windows\System32\OpenSSH\;C:\Program Files\NVIDIA Corporation\NVIDIA NvDLISR;C:\Program Files (x86)\NVIDIA Corporation\PhysX\Common;C:\Program Files\dotnet\;C:\Program Files\Git\cmd;C:\Windows\system32\config\systemprofile\AppData\Local\Microsoft\WindowsApps;C:\Program Files\WireGuard\;C:\Users\strou\AppData\Local\Programs\Python\Python37\Scripts\;C:\Users\strou\AppData\Local\Programs\Python\Python37\;C:\Users\strou\AppData\Local\Programs\Python\Python310\Scripts\;C:\Users\strou\AppData\Local\Programs\Python\Python310\;C:\Users\strou\AppData\Local\Microsoft\WindowsApps;C:\content\IntelliJ IDEA 2021.3.2\bin;;C:\content\quartus\modelsim_ase\win32aloem;C:\content\quartus\modelsim_ae\win32aloem;C:\Users\strou\AppData\Local\GitHubDesktop\bin;C:\Users\strou\AppData\Local\Programs\Microsoft VS Code\bin;.]
07-Aug-2022 18:19:47.819 INFO [main] org.apache.coyote.AbstractProtocol.init Initializing ProtocolHandler ["http-nio-8080"]
07-Aug-2022 18:19:47.841 INFO [main] org.apache.catalina.startup.Catalina.load Server initialization in [476] milliseconds
07-Aug-2022 18:19:47.886 INFO [main] org.apache.catalina.core.StandardService.startInternal Starting service [Catalina]
07-Aug-2022 18:19:47.886 INFO [main] org.apache.catalina.core.StandardEngine.startInternal Starting Servlet engine: [Apache Tomcat/9.0.65]
07-Aug-2022 18:19:47.915 INFO [main] org.apache.catalina.startup.HostConfig.deployWAR Deploying web application archive [C:\content\Java\SpringIntroduction\apache-tomcat-9.0.65\webapps\SpringIntroduction.war]
07-Aug-2022 18:19:49.510 INFO [main] org.apache.jasper.servlet.TldScanner.scanJars At least one JAR was scanned for TLDs yet contained no TLDs. Enable debug logging for this logger for a complete list of JARs that were scanned but no TLDs were found in them. Skipping unneeded JARs during scanning can improve startup time and JSP compilation time.
07-Aug-2022 18:19:50.657 INFO [main] org.apache.catalina.startup.HostConfig.deployWAR Deployment of web application archive [C:\content\Java\SpringIntroduction\apache-tomcat-9.0.65\webapps\SpringIntroduction.war] has finished in [2 740] ms
07-Aug-2022 18:19:50.658 INFO [main] org.apache.catalina.startup.HostConfig.deployDirectory Установка веб приложения в папку [C:\content\Java\SpringIntroduction\apache-tomcat-9.0.65\webapps\docs]
07-Aug-2022 18:19:50.688 INFO [main] org.apache.catalina.startup.HostConfig.deployDirectory Deployment of web application directory [C:\content\Java\SpringIntroduction\apache-tomcat-9.0.65\webapps\docs] has finished in [29] ms
07-Aug-2022 18:19:50.688 INFO [main] org.apache.catalina.startup.HostConfig.deployDirectory Установка веб приложения в папку [C:\content\Java\SpringIntroduction\apache-tomcat-9.0.65\webapps\examples]
07-Aug-2022 18:19:51.791 INFO [main] org.apache.catalina.startup.HostConfig.deployDirectory Deployment of web application directory [C:\content\Java\SpringIntroduction\apache-tomcat-9.0.65\webapps\examples] has finished in [1 103] ms
07-Aug-2022 18:19:51.792 INFO [main] org.apache.catalina.startup.HostConfig.deployDirectory Установка веб приложения в папку [C:\content\Java\SpringIntroduction\apache-tomcat-9.0.65\webapps\host-manager]
07-Aug-2022 18:19:51.843 INFO [main] org.apache.catalina.startup.HostConfig.deployDirectory Deployment of web application directory [C:\content\Java\SpringIntroduction\apache-tomcat-9.0.65\webapps\host-manager] has finished in [51] ms
07-Aug-2022 18:19:51.843 INFO [main] org.apache.catalina.startup.HostConfig.deployDirectory Установка веб приложения в папку [C:\content\Java\SpringIntroduction\apache-tomcat-9.0.65\webapps\manager]
07-Aug-2022 18:19:51.890 INFO [main] org.apache.catalina.startup.HostConfig.deployDirectory Deployment of web application directory [C:\content\Java\SpringIntroduction\apache-tomcat-9.0.65\webapps\manager] has finished in [47] ms
07-Aug-2022 18:19:51.890 INFO [main] org.apache.catalina.startup.HostConfig.deployDirectory Установка веб приложения в папку [C:\content\Java\SpringIntroduction\apache-tomcat-9.0.65\webapps\ROOT]
07-Aug-2022 18:19:51.918 INFO [main] org.apache.catalina.startup.HostConfig.deployDirectory Deployment of web application directory [C:\content\Java\SpringIntroduction\apache-tomcat-9.0.65\webapps\ROOT] has finished in [27] ms
07-Aug-2022 18:19:51.920 INFO [main] org.apache.coyote.AbstractProtocol.start Starting ProtocolHandler ["http-nio-8080"]
07-Aug-2022 18:19:51.952 INFO [main] org.apache.catalina.startup.Catalina.start Server startup in [4110] milliseconds
07-Aug-2022 18:21:11.999 INFO [Catalina-utility-2] org.apache.catalina.startup.HostConfig.undeploy Undeploying context [/SpringIntroduction]
07-Aug-2022 18:21:12.001 INFO [Catalina-utility-2] org.apache.catalina.core.StandardWrapper.unload Ожидание для [1] экземпляра(ов) которые нужно освободить для сервлета [dispatcher]
07-Aug-2022 18:21:12.130 INFO [Catalina-utility-2] org.apache.catalina.startup.HostConfig.deployWAR Deploying web application archive [C:\content\Java\SpringIntroduction\apache-tomcat-9.0.65\webapps\SpringIntroduction.war]
07-Aug-2022 18:21:13.217 INFO [Catalina-utility-2] org.apache.jasper.servlet.TldScanner.scanJars At least one JAR was scanned for TLDs yet contained no TLDs. Enable debug logging for this logger for a complete list of JARs that were scanned but no TLDs were found in them. Skipping unneeded JARs during scanning can improve startup time and JSP compilation time.
07-Aug-2022 18:21:14.055 INFO [Catalina-utility-2] org.apache.catalina.startup.HostConfig.deployWAR Deployment of web application archive [C:\content\Java\SpringIntroduction\apache-tomcat-9.0.65\webapps\SpringIntroduction.war] has finished in [1 926] ms
07-Aug-2022 18:21:44.584 INFO [Catalina-utility-1] org.apache.catalina.startup.HostConfig.undeploy Undeploying context [/SpringIntroduction]
07-Aug-2022 18:21:54.606 INFO [Catalina-utility-1] org.apache.catalina.startup.HostConfig.deployWAR Deploying web application archive [C:\content\Java\SpringIntroduction\apache-tomcat-9.0.65\webapps\SpringIntroduction.war]
07-Aug-2022 18:21:55.632 INFO [Catalina-utility-1] org.apache.jasper.servlet.TldScanner.scanJars At least one JAR was scanned for TLDs yet contained no TLDs. Enable debug logging for this logger for a complete list of JARs that were scanned but no TLDs were found in them. Skipping unneeded JARs during scanning can improve startup time and JSP compilation time.
07-Aug-2022 18:21:56.476 INFO [Catalina-utility-1] org.apache.catalina.startup.HostConfig.deployWAR Deployment of web application archive [C:\content\Java\SpringIntroduction\apache-tomcat-9.0.65\webapps\SpringIntroduction.war] has finished in [1 870] ms
